<?xml version="1.0" encoding="UTF-8"?>
<!-- Generated by org.testng.reporters.JUnitXMLReporter -->
<testsuite hostname="LAPTOP-P1UN5TRB" ignored="0" tests="5" failures="0" timestamp="2020-01-09T02:11:02 IST" time="0.634" errors="0">
  <testcase name="test" time="0.017" classname="Dataprovider3"/>
  <testcase name="test" time="0.003" classname="Dataprovider3"/>
  <testcase name="test" time="0.002" classname="Dataprovider3"/>
  <testcase name="test" time="0.002" classname="Dataprovider3"/>
  <testcase name="test" time="0.001" classname="Dataprovider3"/>
</testsuite>
